<?xml version="1.0" encoding="UTF-8"?>
<testsuite xmlns:xsi="http://www.w3.org/2001/XMLSchema-instance" xsi:noNamespaceSchemaLocation="https://maven.apache.org/surefire/maven-surefire-plugin/xsd/surefire-test-report.xsd" version="3.0.2" name="org.example.UrlShortenerControllerTest" time="7.151" tests="3" errors="0" skipped="0" failures="0">
  <properties>
[...]
</properties>
  <testcase name="testDeleteShortCode" classname="org.example.UrlShortenerControllerTest" time="1.211">
    <system-out><![CDATA[12:42:19.509 [main] INFO org.springframework.test.context.support.AnnotationConfigContextLoaderUtils -- Could not detect default configuration classes for test class [org.example.UrlShortenerControllerTest]: UrlShortenerControllerTest does not declare any static, non-private, non-final, nested classes annotated with @Configuration.
12:42:19.654 [main] INFO org.springframework.boot.test.context.SpringBootTestContextBootstrapper -- Found @SpringBootConfiguration org.example.Main for test class org.example.UrlShortenerControllerTest

  .   ____          _            __ _ _
 /\\ / ___'_ __ _ _(_)_ __  __ _ \ \ \ \
( ( )\___ | '_ | '_| | '_ \/ _` | \ \ \ \
 \\/  ___)| |_)| | | | | || (_| |  ) ) ) )
  '  |____| .__|_| |_|_| |_\__, | / / / /
 =========|_|==============|___/=/_/_/_/

 :: Spring Boot ::                (v3.4.1)

2025-02-04T12:42:20.259+05:30  INFO 16524 --- [sqlite] [           main] org.example.UrlShortenerControllerTest   : Starting UrlShortenerControllerTest using Java 21.0.6 with PID 16524 (started by Admin in D:\git_projects\url_shortener)
2025-02-04T12:42:20.262+05:30  INFO 16524 --- [sqlite] [           main] org.example.UrlShortenerControllerTest   : No active profile set, falling back to 1 default profile: "default"
2025-02-04T12:42:21.165+05:30  INFO 16524 --- [sqlite] [           main] .s.d.r.c.RepositoryConfigurationDelegate : Bootstrapping Spring Data JPA repositories in DEFAULT mode.
2025-02-04T12:42:21.228+05:30  INFO 16524 --- [sqlite] [           main] .s.d.r.c.RepositoryConfigurationDelegate : Finished Spring Data repository scanning in 52 ms. Found 1 JPA repository interface.
2025-02-04T12:42:21.870+05:30  INFO 16524 --- [sqlite] [           main] o.hibernate.jpa.internal.util.LogHelper  : HHH000204: Processing PersistenceUnitInfo [name: default]
2025-02-04T12:42:22.016+05:30  INFO 16524 --- [sqlite] [           main] org.hibernate.Version                    : HHH000412: Hibernate ORM core version 6.6.4.Final
2025-02-04T12:42:22.068+05:30  INFO 16524 --- [sqlite] [           main] o.h.c.internal.RegionFactoryInitiator    : HHH000026: Second-level cache disabled
2025-02-04T12:42:22.507+05:30  INFO 16524 --- [sqlite] [           main] o.s.o.j.p.SpringPersistenceUnitInfo      : No LoadTimeWeaver setup: ignoring JPA class transformer
2025-02-04T12:42:22.551+05:30  INFO 16524 --- [sqlite] [           main] com.zaxxer.hikari.HikariDataSource       : HikariPool-1 - Starting...
2025-02-04T12:42:22.791+05:30  INFO 16524 --- [sqlite] [           main] com.zaxxer.hikari.pool.HikariPool        : HikariPool-1 - Added connection org.sqlite.jdbc4.JDBC4Connection@2fac80a8
2025-02-04T12:42:22.793+05:30  INFO 16524 --- [sqlite] [           main] com.zaxxer.hikari.HikariDataSource       : HikariPool-1 - Start completed.
2025-02-04T12:42:22.859+05:30  INFO 16524 --- [sqlite] [           main] org.hibernate.orm.connections.pooling    : HHH10001005: Database info:
	Database JDBC URL [Connecting through datasource 'HikariDataSource (HikariPool-1)']
	Database driver: undefined/unknown
	Database version: 3.42
	Autocommit mode: undefined/unknown
	Isolation level: undefined/unknown
	Minimum pool size: undefined/unknown
	Maximum pool size: undefined/unknown
2025-02-04T12:42:23.724+05:30  INFO 16524 --- [sqlite] [           main] o.h.e.t.j.p.i.JtaPlatformInitiator       : HHH000489: No JTA platform available (set 'hibernate.transaction.jta.platform' to enable JTA platform integration)
2025-02-04T12:42:23.758+05:30  INFO 16524 --- [sqlite] [           main] j.LocalContainerEntityManagerFactoryBean : Initialized JPA EntityManagerFactory for persistence unit 'default'
2025-02-04T12:42:24.423+05:30  WARN 16524 --- [sqlite] [           main] JpaBaseConfiguration$JpaWebConfiguration : spring.jpa.open-in-view is enabled by default. Therefore, database queries may be performed during view rendering. Explicitly configure spring.jpa.open-in-view to disable this warning
2025-02-04T12:42:25.019+05:30  INFO 16524 --- [sqlite] [           main] o.s.b.t.m.w.SpringBootMockServletContext : Initializing Spring TestDispatcherServlet ''
2025-02-04T12:42:25.019+05:30  INFO 16524 --- [sqlite] [           main] o.s.t.web.servlet.TestDispatcherServlet  : Initializing Servlet ''
2025-02-04T12:42:25.023+05:30  INFO 16524 --- [sqlite] [           main] o.s.t.web.servlet.TestDispatcherServlet  : Completed initialization in 2 ms
2025-02-04T12:42:25.058+05:30  INFO 16524 --- [sqlite] [           main] org.example.UrlShortenerControllerTest   : Started UrlShortenerControllerTest in 5.2 seconds (process running for 6.507)
Hibernate: select um1_0.id,um1_0.created_at,um1_0.original_url,um1_0.short_code from url_shortener um1_0 where um1_0.original_url=?
Hibernate: select um1_0.id,um1_0.created_at,um1_0.original_url,um1_0.short_code from url_shortener um1_0 where um1_0.original_url=?
Hibernate: select um1_0.id,um1_0.created_at,um1_0.original_url,um1_0.short_code from url_shortener um1_0 where um1_0.short_code=?
Hibernate: delete from url_shortener where id=?
Hibernate: select um1_0.id,um1_0.created_at,um1_0.original_url,um1_0.short_code from url_shortener um1_0 where um1_0.short_code=?
]]></system-out>
    <system-err><![CDATA[Mockito is currently self-attaching to enable the inline-mock-maker. This will no longer work in future releases of the JDK. Please add Mockito as an agent to your build what is described in Mockito's documentation: https://javadoc.io/doc/org.mockito/mockito-core/latest/org/mockito/Mockito.html#0.3
WARNING: A Java agent has been loaded dynamically (C:\Users\Admin\.m2\repository\net\bytebuddy\byte-buddy-agent\1.15.11\byte-buddy-agent-1.15.11.jar)
WARNING: If a serviceability tool is in use, please run with -XX:+EnableDynamicAgentLoading to hide this warning
WARNING: If a serviceability tool is not in use, please run with -Djdk.instrument.traceUsage for more information
WARNING: Dynamic loading of agents will be disallowed by default in a future release
]]></system-err>
  </testcase>
  <testcase name="testRedirect" classname="org.example.UrlShortenerControllerTest" time="0.084">
    <system-out><![CDATA[Hibernate: select um1_0.id,um1_0.created_at,um1_0.original_url,um1_0.short_code from url_shortener um1_0 where um1_0.original_url=?
Hibernate: select um1_0.id,um1_0.created_at,um1_0.original_url,um1_0.short_code from url_shortener um1_0 where um1_0.short_code=?
Hibernate: insert into url_shortener (created_at,original_url,short_code) values (?,?,?)
Hibernate: select last_insert_rowid()
Hibernate: select um1_0.id,um1_0.created_at,um1_0.original_url,um1_0.short_code from url_shortener um1_0 where um1_0.short_code=?
2025-02-04T12:42:26.367+05:30  INFO 16524 --- [sqlite] [           main] o.e.controller.UrlShortenerController    : Redirecting short code za7bLC to https://example.com
]]></system-out>
  </testcase>
  <testcase name="testShortenUrlTwice" classname="org.example.UrlShortenerControllerTest" time="0.063">
    <system-out><![CDATA[Hibernate: select um1_0.id,um1_0.created_at,um1_0.original_url,um1_0.short_code from url_shortener um1_0 where um1_0.original_url=?
Hibernate: select um1_0.id,um1_0.created_at,um1_0.original_url,um1_0.short_code from url_shortener um1_0 where um1_0.original_url=?
Hibernate: select um1_0.id,um1_0.created_at,um1_0.original_url,um1_0.short_code from url_shortener um1_0 where um1_0.short_code=?
Hibernate: insert into url_shortener (created_at,original_url,short_code) values (?,?,?)
Hibernate: select last_insert_rowid()
Hibernate: select um1_0.id,um1_0.created_at,um1_0.original_url,um1_0.short_code from url_shortener um1_0 where um1_0.original_url=?
]]></system-out>
  </testcase>
</testsuite>